INFO: [VRFC 10-163] Analyzing VHDL file "F:/Elia/Documenti/Codici/progetto_RL/progetto_RL.sim/sim_1/impl/func/project_reti_logiche_func_impl.vhd" into library xil_defaultlib
INFO: [VRFC 10-307] analyzing entity ff_d
INFO: [VRFC 10-307] analyzing entity ff_d_0
INFO: [VRFC 10-307] analyzing entity ff_d_1
INFO: [VRFC 10-307] analyzing entity ff_d_15
INFO: [VRFC 10-307] analyzing entity ff_d_16
INFO: [VRFC 10-307] analyzing entity ff_d_17
INFO: [VRFC 10-307] analyzing entity ff_d_18
INFO: [VRFC 10-307] analyzing entity ff_d_19
INFO: [VRFC 10-307] analyzing entity ff_d_2
INFO: [VRFC 10-307] analyzing entity ff_d_20
INFO: [VRFC 10-307] analyzing entity ff_d_21
INFO: [VRFC 10-307] analyzing entity ff_d_22
INFO: [VRFC 10-307] analyzing entity ff_d_23
INFO: [VRFC 10-307] analyzing entity ff_d_24
INFO: [VRFC 10-307] analyzing entity ff_d_25
INFO: [VRFC 10-307] analyzing entity ff_d_26
INFO: [VRFC 10-307] analyzing entity ff_d_27
INFO: [VRFC 10-307] analyzing entity ff_d_28
INFO: [VRFC 10-307] analyzing entity ff_d_29
INFO: [VRFC 10-307] analyzing entity ff_d_3
INFO: [VRFC 10-307] analyzing entity ff_d_30
INFO: [VRFC 10-307] analyzing entity ff_d_31
INFO: [VRFC 10-307] analyzing entity ff_d_32
INFO: [VRFC 10-307] analyzing entity ff_d_33
INFO: [VRFC 10-307] analyzing entity ff_d_4
INFO: [VRFC 10-307] analyzing entity ff_sr
INFO: [VRFC 10-307] analyzing entity ff_sr_8
INFO: [VRFC 10-307] analyzing entity logic_block_b
INFO: [VRFC 10-307] analyzing entity reg_d
INFO: [VRFC 10-307] analyzing entity reg_d_10
INFO: [VRFC 10-307] analyzing entity reg_d_12
INFO: [VRFC 10-307] analyzing entity reg_d_14
INFO: [VRFC 10-307] analyzing entity reg_sr
INFO: [VRFC 10-307] analyzing entity reg_sr_11
INFO: [VRFC 10-307] analyzing entity reg_sr_13
INFO: [VRFC 10-307] analyzing entity reg_sr_9
INFO: [VRFC 10-307] analyzing entity exit_selector
INFO: [VRFC 10-307] analyzing entity input_splitter
INFO: [VRFC 10-307] analyzing entity monostable_circuit
INFO: [VRFC 10-307] analyzing entity out_reg
INFO: [VRFC 10-307] analyzing entity out_reg_5
INFO: [VRFC 10-307] analyzing entity out_reg_6
INFO: [VRFC 10-307] analyzing entity out_reg_7
INFO: [VRFC 10-307] analyzing entity serial_reg
INFO: [VRFC 10-307] analyzing entity project_reti_logiche
