Copyright 1986-2016 Xilinx, Inc. All Rights Reserved.
-----------------------------------------------------------------------------------------------------------------------------------------------
| Tool Version : Vivado v.2016.4 (win64) Build 1756540 Mon Jan 23 19:11:23 MST 2017
| Date         : Tue Mar 28 13:53:31 2023
| Host         : ELIA-LAPTOP running 64-bit major release  (build 9200)
| Command      : report_methodology -file project_reti_logiche_methodology_drc_routed.rpt -rpx project_reti_logiche_methodology_drc_routed.rpx
| Design       : project_reti_logiche
| Device       : xc7k160tlfbv676-2L
| Speed File   : -2L
| Design State : Routed
-----------------------------------------------------------------------------------------------------------------------------------------------

Report Methodology

Table of Contents
-----------------
1. REPORT SUMMARY
2. REPORT DETAILS

1. REPORT SUMMARY
-----------------
            Netlist: netlist
          Floorplan: design_1
      Design limits: <entire design considered>
             Max violations: <unlimited>
             Violations found: 69
+-----------+----------+-------------------------------+------------+
| Rule      | Severity | Description                   | Violations |
+-----------+----------+-------------------------------+------------+
| TIMING-17 | Warning  | Non-clocked sequential cell   | 16         |
| TIMING-18 | Warning  | Missing input or output delay | 53         |
+-----------+----------+-------------------------------+------------+

2. REPORT DETAILS
-----------------
TIMING-17#1 Warning
Non-clocked sequential cell  
The clock pin yellow/z_reset_reg[0]/C is not reached by a timing clock
Related violations: <none>

TIMING-17#2 Warning
Non-clocked sequential cell  
The clock pin yellow/z_reset_reg[1]/C is not reached by a timing clock
Related violations: <none>

TIMING-17#3 Warning
Non-clocked sequential cell  
The clock pin yellow/z_reset_reg[2]/C is not reached by a timing clock
Related violations: <none>

TIMING-17#4 Warning
Non-clocked sequential cell  
The clock pin yellow/z_reset_reg[3]/C is not reached by a timing clock
Related violations: <none>

TIMING-17#5 Warning
Non-clocked sequential cell  
The clock pin yellow/z_reset_reg[4]/C is not reached by a timing clock
Related violations: <none>

TIMING-17#6 Warning
Non-clocked sequential cell  
The clock pin yellow/z_reset_reg[5]/C is not reached by a timing clock
Related violations: <none>

TIMING-17#7 Warning
Non-clocked sequential cell  
The clock pin yellow/z_reset_reg[6]/C is not reached by a timing clock
Related violations: <none>

TIMING-17#8 Warning
Non-clocked sequential cell  
The clock pin yellow/z_reset_reg[7]/C is not reached by a timing clock
Related violations: <none>

TIMING-17#9 Warning
Non-clocked sequential cell  
The clock pin yellow/z_set_reg[0]/C is not reached by a timing clock
Related violations: <none>

TIMING-17#10 Warning
Non-clocked sequential cell  
The clock pin yellow/z_set_reg[1]/C is not reached by a timing clock
Related violations: <none>

TIMING-17#11 Warning
Non-clocked sequential cell  
The clock pin yellow/z_set_reg[2]/C is not reached by a timing clock
Related violations: <none>

TIMING-17#12 Warning
Non-clocked sequential cell  
The clock pin yellow/z_set_reg[3]/C is not reached by a timing clock
Related violations: <none>

TIMING-17#13 Warning
Non-clocked sequential cell  
The clock pin yellow/z_set_reg[4]/C is not reached by a timing clock
Related violations: <none>

TIMING-17#14 Warning
Non-clocked sequential cell  
The clock pin yellow/z_set_reg[5]/C is not reached by a timing clock
Related violations: <none>

TIMING-17#15 Warning
Non-clocked sequential cell  
The clock pin yellow/z_set_reg[6]/C is not reached by a timing clock
Related violations: <none>

TIMING-17#16 Warning
Non-clocked sequential cell  
The clock pin yellow/z_set_reg[7]/C is not reached by a timing clock
Related violations: <none>

TIMING-18#1 Warning
Missing input or output delay  
An input delay is missing on i_rst relative to clock(s) clock 
Related violations: <none>

TIMING-18#2 Warning
Missing input or output delay  
An input delay is missing on i_start relative to clock(s) clock 
Related violations: <none>

TIMING-18#3 Warning
Missing input or output delay  
An input delay is missing on i_w relative to clock(s) clock 
Related violations: <none>

TIMING-18#4 Warning
Missing input or output delay  
An output delay is missing on o_done relative to clock(s) clock 
Related violations: <none>

TIMING-18#5 Warning
Missing input or output delay  
An output delay is missing on o_mem_addr[0] relative to clock(s) clock 
Related violations: <none>

TIMING-18#6 Warning
Missing input or output delay  
An output delay is missing on o_mem_addr[10] relative to clock(s) clock 
Related violations: <none>

TIMING-18#7 Warning
Missing input or output delay  
An output delay is missing on o_mem_addr[11] relative to clock(s) clock 
Related violations: <none>

TIMING-18#8 Warning
Missing input or output delay  
An output delay is missing on o_mem_addr[12] relative to clock(s) clock 
Related violations: <none>

TIMING-18#9 Warning
Missing input or output delay  
An output delay is missing on o_mem_addr[13] relative to clock(s) clock 
Related violations: <none>

TIMING-18#10 Warning
Missing input or output delay  
An output delay is missing on o_mem_addr[14] relative to clock(s) clock 
Related violations: <none>

TIMING-18#11 Warning
Missing input or output delay  
An output delay is missing on o_mem_addr[15] relative to clock(s) clock 
Related violations: <none>

TIMING-18#12 Warning
Missing input or output delay  
An output delay is missing on o_mem_addr[1] relative to clock(s) clock 
Related violations: <none>

TIMING-18#13 Warning
Missing input or output delay  
An output delay is missing on o_mem_addr[2] relative to clock(s) clock 
Related violations: <none>

TIMING-18#14 Warning
Missing input or output delay  
An output delay is missing on o_mem_addr[3] relative to clock(s) clock 
Related violations: <none>

TIMING-18#15 Warning
Missing input or output delay  
An output delay is missing on o_mem_addr[4] relative to clock(s) clock 
Related violations: <none>

TIMING-18#16 Warning
Missing input or output delay  
An output delay is missing on o_mem_addr[5] relative to clock(s) clock 
Related violations: <none>

TIMING-18#17 Warning
Missing input or output delay  
An output delay is missing on o_mem_addr[6] relative to clock(s) clock 
Related violations: <none>

TIMING-18#18 Warning
Missing input or output delay  
An output delay is missing on o_mem_addr[7] relative to clock(s) clock 
Related violations: <none>

TIMING-18#19 Warning
Missing input or output delay  
An output delay is missing on o_mem_addr[8] relative to clock(s) clock 
Related violations: <none>

TIMING-18#20 Warning
Missing input or output delay  
An output delay is missing on o_mem_addr[9] relative to clock(s) clock 
Related violations: <none>

TIMING-18#21 Warning
Missing input or output delay  
An output delay is missing on o_mem_en relative to clock(s) clock 
Related violations: <none>

TIMING-18#22 Warning
Missing input or output delay  
An output delay is missing on o_z0[0] relative to clock(s) clock 
Related violations: <none>

TIMING-18#23 Warning
Missing input or output delay  
An output delay is missing on o_z0[1] relative to clock(s) clock 
Related violations: <none>

TIMING-18#24 Warning
Missing input or output delay  
An output delay is missing on o_z0[2] relative to clock(s) clock 
Related violations: <none>

TIMING-18#25 Warning
Missing input or output delay  
An output delay is missing on o_z0[3] relative to clock(s) clock 
Related violations: <none>

TIMING-18#26 Warning
Missing input or output delay  
An output delay is missing on o_z0[4] relative to clock(s) clock 
Related violations: <none>

TIMING-18#27 Warning
Missing input or output delay  
An output delay is missing on o_z0[5] relative to clock(s) clock 
Related violations: <none>

TIMING-18#28 Warning
Missing input or output delay  
An output delay is missing on o_z0[6] relative to clock(s) clock 
Related violations: <none>

TIMING-18#29 Warning
Missing input or output delay  
An output delay is missing on o_z0[7] relative to clock(s) clock 
Related violations: <none>

TIMING-18#30 Warning
Missing input or output delay  
An output delay is missing on o_z1[0] relative to clock(s) clock 
Related violations: <none>

TIMING-18#31 Warning
Missing input or output delay  
An output delay is missing on o_z1[1] relative to clock(s) clock 
Related violations: <none>

TIMING-18#32 Warning
Missing input or output delay  
An output delay is missing on o_z1[2] relative to clock(s) clock 
Related violations: <none>

TIMING-18#33 Warning
Missing input or output delay  
An output delay is missing on o_z1[3] relative to clock(s) clock 
Related violations: <none>

TIMING-18#34 Warning
Missing input or output delay  
An output delay is missing on o_z1[4] relative to clock(s) clock 
Related violations: <none>

TIMING-18#35 Warning
Missing input or output delay  
An output delay is missing on o_z1[5] relative to clock(s) clock 
Related violations: <none>

TIMING-18#36 Warning
Missing input or output delay  
An output delay is missing on o_z1[6] relative to clock(s) clock 
Related violations: <none>

TIMING-18#37 Warning
Missing input or output delay  
An output delay is missing on o_z1[7] relative to clock(s) clock 
Related violations: <none>

TIMING-18#38 Warning
Missing input or output delay  
An output delay is missing on o_z2[0] relative to clock(s) clock 
Related violations: <none>

TIMING-18#39 Warning
Missing input or output delay  
An output delay is missing on o_z2[1] relative to clock(s) clock 
Related violations: <none>

TIMING-18#40 Warning
Missing input or output delay  
An output delay is missing on o_z2[2] relative to clock(s) clock 
Related violations: <none>

TIMING-18#41 Warning
Missing input or output delay  
An output delay is missing on o_z2[3] relative to clock(s) clock 
Related violations: <none>

TIMING-18#42 Warning
Missing input or output delay  
An output delay is missing on o_z2[4] relative to clock(s) clock 
Related violations: <none>

TIMING-18#43 Warning
Missing input or output delay  
An output delay is missing on o_z2[5] relative to clock(s) clock 
Related violations: <none>

TIMING-18#44 Warning
Missing input or output delay  
An output delay is missing on o_z2[6] relative to clock(s) clock 
Related violations: <none>

TIMING-18#45 Warning
Missing input or output delay  
An output delay is missing on o_z2[7] relative to clock(s) clock 
Related violations: <none>

TIMING-18#46 Warning
Missing input or output delay  
An output delay is missing on o_z3[0] relative to clock(s) clock 
Related violations: <none>

TIMING-18#47 Warning
Missing input or output delay  
An output delay is missing on o_z3[1] relative to clock(s) clock 
Related violations: <none>

TIMING-18#48 Warning
Missing input or output delay  
An output delay is missing on o_z3[2] relative to clock(s) clock 
Related violations: <none>

TIMING-18#49 Warning
Missing input or output delay  
An output delay is missing on o_z3[3] relative to clock(s) clock 
Related violations: <none>

TIMING-18#50 Warning
Missing input or output delay  
An output delay is missing on o_z3[4] relative to clock(s) clock 
Related violations: <none>

TIMING-18#51 Warning
Missing input or output delay  
An output delay is missing on o_z3[5] relative to clock(s) clock 
Related violations: <none>

TIMING-18#52 Warning
Missing input or output delay  
An output delay is missing on o_z3[6] relative to clock(s) clock 
Related violations: <none>

TIMING-18#53 Warning
Missing input or output delay  
An output delay is missing on o_z3[7] relative to clock(s) clock 
Related violations: <none>


