Unable to capture context for thread 11556 in process 17540, can not generate back trace
Unable to capture context for thread 17836 in process 17540, can not generate back trace
Unable to capture context for thread 20952 in process 17540, can not generate back trace
Unable to capture context for thread 18440 in process 17540, can not generate back trace
Unable to capture context for thread 20904 in process 17540, can not generate back trace
Exception at PC 0x00007FFDB72DBB93
Printing stacktrace...

Unable to capture context for thread 20952 in process 17540, can not generate back trace
Exception at PC 0x00007FFE618C051C
Exception at PC 0x00007FFE618C051C
Exception at PC 0x00007FFE618C051C
Exception at PC 0x00007FFE618C051C
Exception at PC 0x00007FFE618C051C
Exception at PC 0x00007FFE618C051C
Exception at PC 0x00007FFE618C051C
Exception at PC 0x00007FFE618C051C
Exception at PC 0x00007FFE618C051C
Exception at PC 0x00007FFE618C051C
[0]  [0x00007FFDB72DBB93]
[1]  [0x00007FFDB72DBB93]
[2]  [0x00007FFDB72DB4A1]
[3]  [0x00007FFDB72DB459]
[4]  [0x00007FFDB72C19FE]
[5]  [0x00007FFDB72C0ED1]
[6]  [0x00007FFDB72C0D76]
[7]  [0x00007FFDB72679F6]
[8]  [0x00007FFDB7257AFB]
[9]  [0x00007FFDB737E90A]
[10]  [0x00007FFDB7399F87]
[11]  [0x00007FFDB739A05F]
[12] (BaseThreadInitThunk+0x1d) [0x00007FFE627826BD]
[13] (RtlUserThreadStart+0x28) [0x00007FFE642ADFB8]
Done
Exception at PC 0x00007FFE618C051C
Exception at PC 0x00007FFE618C051C
Exception at PC 0x00007FFE618C051C
Exception at PC 0x00007FFE618C051C
Exception at PC 0x00007FFE618C051C
Exception at PC 0x00007FFE618C051C
Exception at PC 0x00007FFE618C051C
Exception at PC 0x00007FFE618C051C
