Vivado Simulator 2016.4
Copyright 1986-1999, 2001-2016 Xilinx, Inc. All Rights Reserved.
Running: C:/Programmi/Xilinx/Vivado/2016.4/bin/unwrapped/win64.o/xelab.exe -wto ea6b31e3e3c44eafa36b26cd93c5fa5d --debug typical --relax --mt 2 -L xil_defaultlib -L secureip --snapshot project_tb_func_synth xil_defaultlib.project_tb -log elaborate.log 
Using 2 slave threads.
Starting static elaboration
Completed static elaboration
Starting simulation data flow analysis
Completed simulation data flow analysis
Time Resolution for simulation is 1ps
Compiling package std.standard
Compiling package std.textio
Compiling package ieee.std_logic_1164
Compiling package ieee.numeric_std
Compiling package ieee.std_logic_arith
Compiling package ieee.std_logic_unsigned
Compiling package unisim.vcomponents
Compiling package ieee.vital_timing
Compiling package ieee.vital_primitives
Compiling package unisim.vpkg
Compiling architecture fdre_v of entity unisim.FDRE [fdre_default]
Compiling architecture structure of entity xil_defaultlib.ff_d_18 [ff_d_18_default]
Compiling architecture structure of entity xil_defaultlib.ff_d_19 [ff_d_19_default]
Compiling architecture structure of entity xil_defaultlib.ff_d_20 [ff_d_20_default]
Compiling architecture structure of entity xil_defaultlib.ff_d_21 [ff_d_21_default]
Compiling architecture structure of entity xil_defaultlib.ff_d_22 [ff_d_22_default]
Compiling architecture structure of entity xil_defaultlib.ff_d_23 [ff_d_23_default]
Compiling architecture structure of entity xil_defaultlib.ff_d_24 [ff_d_24_default]
Compiling architecture structure of entity xil_defaultlib.ff_d_25 [ff_d_25_default]
Compiling architecture structure of entity xil_defaultlib.ff_d_26 [ff_d_26_default]
Compiling architecture structure of entity xil_defaultlib.ff_d_27 [ff_d_27_default]
Compiling architecture structure of entity xil_defaultlib.ff_d_28 [ff_d_28_default]
Compiling architecture structure of entity xil_defaultlib.ff_d_29 [ff_d_29_default]
Compiling architecture structure of entity xil_defaultlib.ff_d_30 [ff_d_30_default]
Compiling architecture structure of entity xil_defaultlib.ff_d_31 [ff_d_31_default]
Compiling architecture structure of entity xil_defaultlib.ff_d_32 [ff_d_32_default]
Compiling architecture structure of entity xil_defaultlib.ff_d_33 [ff_d_33_default]
Compiling architecture structure of entity xil_defaultlib.serial_reg [serial_reg_default]
Compiling architecture lut3_v of entity unisim.LUT3 [\LUT3(init="10101110")(0,7)\]
Compiling architecture structure of entity xil_defaultlib.ff_d_16 [ff_d_16_default]
Compiling architecture lut3_v of entity unisim.LUT3 [\LUT3(init="00010000")(0,7)\]
Compiling architecture structure of entity xil_defaultlib.ff_d_17 [ff_d_17_default]
Compiling architecture structure of entity xil_defaultlib.input_splitter [input_splitter_default]
Compiling architecture lut2_v of entity unisim.LUT2 [\LUT2(init="1000")(0,3)\]
Compiling architecture structure of entity xil_defaultlib.ff_d [ff_d_default]
Compiling architecture structure of entity xil_defaultlib.ff_d_0 [ff_d_0_default]
Compiling architecture structure of entity xil_defaultlib.ff_d_1 [ff_d_1_default]
Compiling architecture structure of entity xil_defaultlib.ff_d_2 [ff_d_2_default]
Compiling architecture structure of entity xil_defaultlib.ff_d_3 [ff_d_3_default]
Compiling architecture structure of entity xil_defaultlib.ff_d_4 [ff_d_4_default]
Compiling architecture lut2_v of entity unisim.LUT2 [\LUT2(init="0010")(0,3)\]
Compiling architecture structure of entity xil_defaultlib.ff_d_15 [ff_d_15_default]
Compiling architecture structure of entity xil_defaultlib.monostable_circuit [monostable_circuit_default]
Compiling architecture bufg_v of entity unisim.BUFG [bufg_default]
Compiling architecture ibuf_v of entity unisim.IBUF [\IBUF(1,9,1,1,1,4,1,7)\]
Compiling architecture lut5_v of entity unisim.LUT5 [\LUT5(init="01010001010101010101...]
Compiling architecture structure of entity xil_defaultlib.reg_sr_13 [reg_sr_13_default]
Compiling architecture structure of entity xil_defaultlib.reg_d_14 [reg_d_14_default]
Compiling architecture structure of entity xil_defaultlib.out_reg [out_reg_default]
Compiling architecture structure of entity xil_defaultlib.reg_sr_11 [reg_sr_11_default]
Compiling architecture structure of entity xil_defaultlib.reg_d_12 [reg_d_12_default]
Compiling architecture structure of entity xil_defaultlib.out_reg_5 [out_reg_5_default]
Compiling architecture structure of entity xil_defaultlib.reg_sr_9 [reg_sr_9_default]
Compiling architecture structure of entity xil_defaultlib.reg_d_10 [reg_d_10_default]
Compiling architecture structure of entity xil_defaultlib.out_reg_6 [out_reg_6_default]
Compiling architecture structure of entity xil_defaultlib.reg_sr [reg_sr_default]
Compiling architecture structure of entity xil_defaultlib.reg_d [reg_d_default]
Compiling architecture structure of entity xil_defaultlib.out_reg_7 [out_reg_7_default]
Compiling architecture obuf_v of entity unisim.OBUF [\OBUF(1,9,1,7,1,4)\]
Compiling architecture lut4_v of entity unisim.LUT4 [\LUT4(init="0000000011100010")(0...]
Compiling architecture structure of entity xil_defaultlib.ff_sr [ff_sr_default]
Compiling architecture lut3_v of entity unisim.LUT3 [\LUT3(init="00001000")(0,7)\]
Compiling architecture lut3_v of entity unisim.LUT3 [\LUT3(init="00000100")(0,7)\]
Compiling architecture structure of entity xil_defaultlib.ff_sr_8 [ff_sr_8_default]
Compiling architecture structure of entity xil_defaultlib.exit_selector [exit_selector_default]
Compiling architecture lut3_v of entity unisim.LUT3 [\LUT3(init="00100000")(0,7)\]
Compiling architecture lut3_v of entity unisim.LUT3 [\LUT3(init="10000000")(0,7)\]
Compiling architecture lut1_v of entity unisim.LUT1 [\LUT1(init="0001")(0,3)\]
Compiling architecture structure of entity xil_defaultlib.logic_block_b [logic_block_b_default]
Compiling architecture structure of entity xil_defaultlib.project_reti_logiche [project_reti_logiche_default]
Compiling architecture projecttb of entity xil_defaultlib.project_tb
Built simulation snapshot project_tb_func_synth
